[debug] [2021-06-30T12:07:59.710Z] ----------------------------------------------------------------------
[debug] [2021-06-30T12:07:59.712Z] Command:       C:\Program Files\nodejs\node.exe C:\Users\Ксения\AppData\Roaming\npm\node_modules\firebase-tools\lib\bin\firebase.js init hosting
[debug] [2021-06-30T12:07:59.712Z] CLI Version:   9.14.0
[debug] [2021-06-30T12:07:59.712Z] Platform:      win32
[debug] [2021-06-30T12:07:59.712Z] Node Version:  v14.17.1
[debug] [2021-06-30T12:07:59.713Z] Time:          Wed Jun 30 2021 15:07:59 GMT+0300 (Восточная Европа, летнее время)
[debug] [2021-06-30T12:07:59.714Z] ----------------------------------------------------------------------
[debug] 
[debug] [2021-06-30T12:07:59.720Z] > command requires scopes: ["email","openid","https://www.googleapis.com/auth/cloudplatformprojects.readonly","https://www.googleapis.com/auth/firebase","https://www.googleapis.com/auth/cloud-platform"]
[debug] [2021-06-30T12:07:59.720Z] > authorizing via signed-in user (satanist389@gmail.com)
[info] 
     ######## #### ########  ######## ########     ###     ######  ########
     ##        ##  ##     ## ##       ##     ##  ##   ##  ##       ##
     ######    ##  ########  ######   ########  #########  ######  ######
     ##        ##  ##    ##  ##       ##     ## ##     ##       ## ##
     ##       #### ##     ## ######## ########  ##     ##  ######  ########

You're about to initialize a Firebase project in this directory:

  D:\Ionic-app\ionic-app

[info] 
=== Project Setup
[info] 
[info] First, let's associate this project directory with a Firebase project.
[info] You can create multiple project aliases by running firebase use --add, 
[info] but for now we'll just set up a default project.
[info] 
[debug] [2021-06-30T12:08:27.718Z] >>> [apiv2][query] GET https://firebase.googleapis.com/v1beta1/projects pageSize=100
[debug] [2021-06-30T12:08:28.014Z] <<< [apiv2][status] GET https://firebase.googleapis.com/v1beta1/projects 200
[debug] [2021-06-30T12:08:28.014Z] <<< [apiv2][body] GET https://firebase.googleapis.com/v1beta1/projects [omitted]
